<?xml version="1.0" encoding="UTF-8"?>
<testsuite xmlns:xsi="http://www.w3.org/2001/XMLSchema-instance" xsi:noNamespaceSchemaLocation="https://maven.apache.org/surefire/maven-surefire-plugin/xsd/surefire-test-report-3.0.xsd" version="3.0" name="Esprit Case Study" time="10.064" tests="1" errors="0" skipped="0" failures="0">
  <properties>
[...]
</properties>
  <testcase name="Test01 &gt;&gt; verify user is able login to webShop" classname="Esprit Case Study" time="10.064">
    <system-out><![CDATA[Sep 05, 2022 4:44:22 PM tech.grasshopper.pdf.PDFCucumberReport collectReportConfiguration
INFO: PDF report configuration YAML file not found. Using default settings.

┌──────────────────────────────────────────────────────────────────────────┐
│ View your Cucumber Report at:                                            │
│ https://reports.cucumber.io/reports/d91523e7-044a-4e61-98e4-2d18e5eb8573 │
│                                                                          │
│ This report will self-destruct in 24h.                                   │
│ Keep reports forever: https://reports.cucumber.io/profile                │
└──────────────────────────────────────────────────────────────────────────┘

@Regression
Scenario: Test01 >> verify user is able login to webShop # src/test/resources/features/EspritTest.feature:12
  When User navigates to Esprit URL                      # com.testproject.stepDefs.EspritStepDef.user_navigates_to_esprit_url()
  And User clicks on Login button                        # com.testproject.stepDefs.EspritStepDef.user_clicks_on_login_button()
  Then User enters valid "<username>" and "<password>"   # com.testproject.stepDefs.EspritStepDef.user_enters_valid_and(java.lang.String,java.lang.String)
  And User clicks on Submit button                       # com.testproject.stepDefs.EspritStepDef.user_clicks_on_submit_button()
  Given User clicks on Logo                              # com.testproject.stepDefs.EspritStepDef.user_clicks_on_logo()
  Then User navigates to Women collection                # com.testproject.stepDefs.EspritStepDef.user_navigates_to_women_collection()
]]></system-out>
    <system-err><![CDATA[[pool-2-thread-1] INFO com.testproject.base.BasePage - Setting up browser
[pool-2-thread-1] INFO com.testproject.base.BasePage - Executing scenario: Test01 >> verify user is able login to webShop
[pool-2-thread-1] INFO io.github.bonigarcia.wdm.WebDriverManager - Using chromedriver 104.0.5112.79 (resolved driver for Chrome 104)
[pool-2-thread-1] INFO io.github.bonigarcia.wdm.WebDriverManager - Exporting webdriver.chrome.driver as /home/ravi-muktavarapu/.cache/selenium/chromedriver/linux64/104.0.5112.79/chromedriver
Starting ChromeDriver 104.0.5112.79 (3cf3e8c8a07d104b9e1260c910efb8f383285dc5-refs/branch-heads/5112@{#1307}) on port 37183
Only local connections are allowed.
Please see https://chromedriver.chromium.org/security-considerations for suggestions on keeping ChromeDriver safe.
ChromeDriver was started successfully.
Sep 05, 2022 4:44:13 PM org.openqa.selenium.remote.ProtocolHandshake createSession
INFO: Detected upstream dialect: W3C
Sep 05, 2022 4:44:13 PM org.openqa.selenium.devtools.CdpVersionFinder findNearestMatch
INFO: Found exact CDP implementation for version 104
[pool-2-thread-1] INFO com.testproject.base.BasePage - Closing browser
]]></system-err>
  </testcase>
</testsuite>