<?xml version="1.0" encoding="UTF-8"?>
<testsuite xmlns:xsi="http://www.w3.org/2001/XMLSchema-instance" xsi:noNamespaceSchemaLocation="https://maven.apache.org/surefire/maven-surefire-plugin/xsd/surefire-test-report-3.0.xsd" version="3.0" name="Media Logos Module -- These test cases verifies the frontend features on Horreum." time="25.709" tests="4" errors="0" skipped="0" failures="0">
  <properties>
[...]
</properties>
  <testcase name="001 &gt;&gt; Check whether Media Logos are present" classname="Media Logos Module -- These test cases verifies the frontend features on Horreum." time="7.255">
    <system-out><![CDATA[Jun 09, 2022 5:56:14 PM tech.grasshopper.pdf.PDFCucumberReport collectReportConfiguration
INFO: PDF report configuration YAML file not found. Using default settings.

┌──────────────────────────────────────────────────────────────────────────┐
│ View your Cucumber Report at:                                            │
│ https://reports.cucumber.io/reports/5f00729b-8bd7-4510-a557-1db665a1ea40 │
│                                                                          │
│ This report will self-destruct in 24h.                                   │
│ Keep reports forever: https://reports.cucumber.io/profile                │
└──────────────────────────────────────────────────────────────────────────┘

Scenario: 001 >> Check whether Media Logos are present # src/test/resources/features/MediaLogosModuleTest.feature:9
  Given Navigate to Horreum Test server                # com.testproject.stepDefs.HorreumStepDef.navigate_to_horreum_test_server()
  Then User enters valid "<username>" and "<password>" # com.testproject.stepDefs.HorreumStepDef.user_enters_valid_and(java.lang.String,java.lang.String)
  And User clicks on Login button                      # com.testproject.stepDefs.HorreumStepDef.user_clicks_on_login_button()
  When User clicks on Media Logos Module               # com.testproject.stepDefs.HorreumStepDef.user_clicks_on_media_logos_module()
  Then User should observe Media Logos in the Module   # com.testproject.stepDefs.HorreumStepDef.user_should_observe_media_logos_in_the_module()
]]></system-out>
    <system-err><![CDATA[SLF4J: No SLF4J providers were found.
SLF4J: Defaulting to no-operation (NOP) logger implementation
SLF4J: See http://www.slf4j.org/codes.html#noProviders for further details.
SLF4J: Class path contains SLF4J bindings targeting slf4j-api versions prior to 1.8.
SLF4J: Ignoring binding found at [jar:file:/home/ravi-muktavarapu/.m2/repository/org/slf4j/slf4j-simple/1.7.36/slf4j-simple-1.7.36.jar!/org/slf4j/impl/StaticLoggerBinder.class]
SLF4J: See http://www.slf4j.org/codes.html#ignoredBindings for an explanation.
Starting ChromeDriver 102.0.5005.61 (0e59bcc00cc4985ce39ad31c150065f159d95ad3-refs/branch-heads/5005@{#819}) on port 39053
Only local connections are allowed.
Please see https://chromedriver.chromium.org/security-considerations for suggestions on keeping ChromeDriver safe.
ChromeDriver was started successfully.
Jun 09, 2022 5:55:50 PM org.openqa.selenium.remote.ProtocolHandshake createSession
INFO: Detected dialect: W3C
Jun 09, 2022 5:55:50 PM org.openqa.selenium.devtools.CdpVersionFinder findNearestMatch
WARNING: Unable to find an exact match for CDP version 102, so returning the closest version found: 101
Jun 09, 2022 5:55:50 PM org.openqa.selenium.devtools.CdpVersionFinder findNearestMatch
INFO: Found CDP implementation for version 102 of 101
]]></system-err>
  </testcase>
  <testcase name="002 &gt;&gt; Reload Images option should be functional" classname="Media Logos Module -- These test cases verifies the frontend features on Horreum." time="7.821">
    <system-out><![CDATA[
Scenario: 002 >> Reload Images option should be functional # src/test/resources/features/MediaLogosModuleTest.feature:12
  Given Navigate to Horreum Test server                    # com.testproject.stepDefs.HorreumStepDef.navigate_to_horreum_test_server()
  Then User enters valid "<username>" and "<password>"     # com.testproject.stepDefs.HorreumStepDef.user_enters_valid_and(java.lang.String,java.lang.String)
  And User clicks on Login button                          # com.testproject.stepDefs.HorreumStepDef.user_clicks_on_login_button()
  When User clicks on Media Logos Module                   # com.testproject.stepDefs.HorreumStepDef.user_clicks_on_media_logos_module()
  When User clicks on Reload Images option                 # com.testproject.stepDefs.HorreumStepDef.user_clicks_on_reload_images_option()
  Then Logos should be reloaded properly                   # com.testproject.stepDefs.HorreumStepDef.logos_should_be_reloaded_properly()
]]></system-out>
    <system-err><![CDATA[Starting ChromeDriver 102.0.5005.61 (0e59bcc00cc4985ce39ad31c150065f159d95ad3-refs/branch-heads/5005@{#819}) on port 51569
Only local connections are allowed.
Please see https://chromedriver.chromium.org/security-considerations for suggestions on keeping ChromeDriver safe.
ChromeDriver was started successfully.
Jun 09, 2022 5:55:56 PM org.openqa.selenium.remote.ProtocolHandshake createSession
INFO: Detected dialect: W3C
Jun 09, 2022 5:55:56 PM org.openqa.selenium.devtools.CdpVersionFinder findNearestMatch
WARNING: Unable to find an exact match for CDP version 102, so returning the closest version found: 101
Jun 09, 2022 5:55:56 PM org.openqa.selenium.devtools.CdpVersionFinder findNearestMatch
INFO: Found CDP implementation for version 102 of 101
]]></system-err>
  </testcase>
  <testcase name="003 &gt;&gt; Check the sorting option to Desc" classname="Media Logos Module -- These test cases verifies the frontend features on Horreum." time="2.661">
    <system-out><![CDATA[
Scenario: 003 >> Check the sorting option to Desc      # src/test/resources/features/MediaLogosModuleTest.feature:16
  Given Navigate to Horreum Test server                # com.testproject.stepDefs.HorreumStepDef.navigate_to_horreum_test_server()
  Then User enters valid "<username>" and "<password>" # com.testproject.stepDefs.HorreumStepDef.user_enters_valid_and(java.lang.String,java.lang.String)
  And User clicks on Login button                      # com.testproject.stepDefs.HorreumStepDef.user_clicks_on_login_button()
  When User clicks on Media Logos Module               # com.testproject.stepDefs.HorreumStepDef.user_clicks_on_media_logos_module()
  When User clicks on Sorting Drop down                # com.testproject.stepDefs.HorreumStepDef.user_clicks_on_sorting_drop_down()
  Then User changes the option to Desc                 # com.testproject.stepDefs.HorreumStepDef.user_changes_the_option_to_desc()
]]></system-out>
    <system-err><![CDATA[Starting ChromeDriver 102.0.5005.61 (0e59bcc00cc4985ce39ad31c150065f159d95ad3-refs/branch-heads/5005@{#819}) on port 60766
Only local connections are allowed.
Please see https://chromedriver.chromium.org/security-considerations for suggestions on keeping ChromeDriver safe.
ChromeDriver was started successfully.
Jun 09, 2022 5:56:04 PM org.openqa.selenium.remote.ProtocolHandshake createSession
INFO: Detected dialect: W3C
Jun 09, 2022 5:56:04 PM org.openqa.selenium.devtools.CdpVersionFinder findNearestMatch
WARNING: Unable to find an exact match for CDP version 102, so returning the closest version found: 101
Jun 09, 2022 5:56:04 PM org.openqa.selenium.devtools.CdpVersionFinder findNearestMatch
INFO: Found CDP implementation for version 102 of 101
]]></system-err>
  </testcase>
  <testcase name="004 &gt;&gt; User should navigate to last page and front page" classname="Media Logos Module -- These test cases verifies the frontend features on Horreum." time="7.972">
    <system-out><![CDATA[
Scenario: 004 >> User should navigate to last page and front page # src/test/resources/features/MediaLogosModuleTest.feature:20
  Given Navigate to Horreum Test server                           # com.testproject.stepDefs.HorreumStepDef.navigate_to_horreum_test_server()
  Then User enters valid "<username>" and "<password>"            # com.testproject.stepDefs.HorreumStepDef.user_enters_valid_and(java.lang.String,java.lang.String)
  And User clicks on Login button                                 # com.testproject.stepDefs.HorreumStepDef.user_clicks_on_login_button()
  When User clicks on Media Logos Module                          # com.testproject.stepDefs.HorreumStepDef.user_clicks_on_media_logos_module()
  Then User clicks on Last page option                            # com.testproject.stepDefs.HorreumStepDef.user_clicks_on_last_page_option()
  And User clicks on First page option                            # com.testproject.stepDefs.HorreumStepDef.user_clicks_on_first_page_option()
  And User should click Refresh option                            # com.testproject.stepDefs.HorreumStepDef.user_should_click_refresh_option()
]]></system-out>
    <system-err><![CDATA[Starting ChromeDriver 102.0.5005.61 (0e59bcc00cc4985ce39ad31c150065f159d95ad3-refs/branch-heads/5005@{#819}) on port 41147
Only local connections are allowed.
Please see https://chromedriver.chromium.org/security-considerations for suggestions on keeping ChromeDriver safe.
ChromeDriver was started successfully.
Jun 09, 2022 5:56:06 PM org.openqa.selenium.remote.ProtocolHandshake createSession
INFO: Detected dialect: W3C
Jun 09, 2022 5:56:06 PM org.openqa.selenium.devtools.CdpVersionFinder findNearestMatch
WARNING: Unable to find an exact match for CDP version 102, so returning the closest version found: 101
Jun 09, 2022 5:56:06 PM org.openqa.selenium.devtools.CdpVersionFinder findNearestMatch
INFO: Found CDP implementation for version 102 of 101
]]></system-err>
  </testcase>
</testsuite>